Linked: (/home/feng1909/exploration_simulation/devel/.private/common_msgs/share/roseus/ros/common_msgs/manifest.l, /home/feng1909/exploration_simulation/devel/share/roseus/ros/common_msgs/manifest.l)
Linked: (/home/feng1909/exploration_simulation/devel/.private/common_msgs/share/roseus/ros/common_msgs/msg/subregion_all.l, /home/feng1909/exploration_simulation/devel/share/roseus/ros/common_msgs/msg/subregion_all.l)
Linked: (/home/feng1909/exploration_simulation/devel/.private/common_msgs/share/roseus/ros/common_msgs/msg/subregion_single.l, /home/feng1909/exploration_simulation/devel/share/roseus/ros/common_msgs/msg/subregion_single.l)
Linked: (/home/feng1909/exploration_simulation/devel/.private/common_msgs/share/common-lisp/ros/common_msgs/msg/subregion_single.lisp, /home/feng1909/exploration_simulation/devel/share/common-lisp/ros/common_msgs/msg/subregion_single.lisp)
Linked: (/home/feng1909/exploration_simulation/devel/.private/common_msgs/share/common-lisp/ros/common_msgs/msg/subregion_all.lisp, /home/feng1909/exploration_simulation/devel/share/common-lisp/ros/common_msgs/msg/subregion_all.lisp)
Linked: (/home/feng1909/exploration_simulation/devel/.private/common_msgs/share/common-lisp/ros/common_msgs/msg/_package_subregion_all.lisp, /home/feng1909/exploration_simulation/devel/share/common-lisp/ros/common_msgs/msg/_package_subregion_all.lisp)
Linked: (/home/feng1909/exploration_simulation/devel/.private/common_msgs/share/common-lisp/ros/common_msgs/msg/_package.lisp, /home/feng1909/exploration_simulation/devel/share/common-lisp/ros/common_msgs/msg/_package.lisp)
Linked: (/home/feng1909/exploration_simulation/devel/.private/common_msgs/share/common-lisp/ros/common_msgs/msg/_package_subregion_single.lisp, /home/feng1909/exploration_simulation/devel/share/common-lisp/ros/common_msgs/msg/_package_subregion_single.lisp)
Linked: (/home/feng1909/exploration_simulation/devel/.private/common_msgs/share/common-lisp/ros/common_msgs/msg/common_msgs-msg.asd, /home/feng1909/exploration_simulation/devel/share/common-lisp/ros/common_msgs/msg/common_msgs-msg.asd)
Linked: (/home/feng1909/exploration_simulation/devel/.private/common_msgs/share/common_msgs/cmake/common_msgs-msg-paths.cmake, /home/feng1909/exploration_simulation/devel/share/common_msgs/cmake/common_msgs-msg-paths.cmake)
Linked: (/home/feng1909/exploration_simulation/devel/.private/common_msgs/share/common_msgs/cmake/common_msgsConfig-version.cmake, /home/feng1909/exploration_simulation/devel/share/common_msgs/cmake/common_msgsConfig-version.cmake)
Linked: (/home/feng1909/exploration_simulation/devel/.private/common_msgs/share/common_msgs/cmake/common_msgs-msg-extras.cmake, /home/feng1909/exploration_simulation/devel/share/common_msgs/cmake/common_msgs-msg-extras.cmake)
Linked: (/home/feng1909/exploration_simulation/devel/.private/common_msgs/share/common_msgs/cmake/common_msgsConfig.cmake, /home/feng1909/exploration_simulation/devel/share/common_msgs/cmake/common_msgsConfig.cmake)
Linked: (/home/feng1909/exploration_simulation/devel/.private/common_msgs/share/gennodejs/ros/common_msgs/_index.js, /home/feng1909/exploration_simulation/devel/share/gennodejs/ros/common_msgs/_index.js)
Linked: (/home/feng1909/exploration_simulation/devel/.private/common_msgs/share/gennodejs/ros/common_msgs/msg/subregion_single.js, /home/feng1909/exploration_simulation/devel/share/gennodejs/ros/common_msgs/msg/subregion_single.js)
Linked: (/home/feng1909/exploration_simulation/devel/.private/common_msgs/share/gennodejs/ros/common_msgs/msg/_index.js, /home/feng1909/exploration_simulation/devel/share/gennodejs/ros/common_msgs/msg/_index.js)
Linked: (/home/feng1909/exploration_simulation/devel/.private/common_msgs/share/gennodejs/ros/common_msgs/msg/subregion_all.js, /home/feng1909/exploration_simulation/devel/share/gennodejs/ros/common_msgs/msg/subregion_all.js)
Linked: (/home/feng1909/exploration_simulation/devel/.private/common_msgs/include/common_msgs/subregion_single.h, /home/feng1909/exploration_simulation/devel/include/common_msgs/subregion_single.h)
Linked: (/home/feng1909/exploration_simulation/devel/.private/common_msgs/include/common_msgs/subregion_all.h, /home/feng1909/exploration_simulation/devel/include/common_msgs/subregion_all.h)
Linked: (/home/feng1909/exploration_simulation/devel/.private/common_msgs/lib/pkgconfig/common_msgs.pc, /home/feng1909/exploration_simulation/devel/lib/pkgconfig/common_msgs.pc)
Linked: (/home/feng1909/exploration_simulation/devel/.private/common_msgs/lib/python3/dist-packages/common_msgs/__init__.py, /home/feng1909/exploration_simulation/devel/lib/python3/dist-packages/common_msgs/__init__.py)
Linked: (/home/feng1909/exploration_simulation/devel/.private/common_msgs/lib/python3/dist-packages/common_msgs/msg/_subregion_all.py, /home/feng1909/exploration_simulation/devel/lib/python3/dist-packages/common_msgs/msg/_subregion_all.py)
Linked: (/home/feng1909/exploration_simulation/devel/.private/common_msgs/lib/python3/dist-packages/common_msgs/msg/__init__.py, /home/feng1909/exploration_simulation/devel/lib/python3/dist-packages/common_msgs/msg/__init__.py)
Linked: (/home/feng1909/exploration_simulation/devel/.private/common_msgs/lib/python3/dist-packages/common_msgs/msg/_subregion_single.py, /home/feng1909/exploration_simulation/devel/lib/python3/dist-packages/common_msgs/msg/_subregion_single.py)
